<?xml version="1.0" encoding="UTF-8"?>
<!-- Generated by org.testng.reporters.JUnitReportReporter -->
<testsuite hostname="Sagar-THINK" name="FacebookPOM.VerifyLogin" tests="1" failures="0" timestamp="22 Apr 2016 22:17:23 GMT" time="16.803" errors="0">
  <testcase name="loginFacebook" time="16.803" classname="FacebookPOM.VerifyLogin"/>
</testsuite> <!-- FacebookPOM.VerifyLogin -->
